<?xml version="1.0" encoding="UTF-8"?>
<!-- Generated by org.testng.reporters.JUnitReportReporter -->
<testsuite hostname="DESKTOP-982KU37" failures="0" tests="1" name="org.sbtech.apidemosapk.runner.TestRunner" time="21.456" errors="0" timestamp="2023-11-10T05:02:20 IST" skipped="0">
  <testcase classname="org.sbtech.apidemosapk.runner.TestRunner" name="runner" time="21.456"/>
</testsuite> <!-- org.sbtech.apidemosapk.runner.TestRunner -->
