<?xml version="1.0" encoding="UTF-8"?>
<!-- Generated by org.testng.reporters.JUnitReportReporter -->
<testsuite hostname="DESKTOP-982KU37" failures="0" tests="1" name="com.rahulshettyacademy.appium.ApiDemosApk" time="9.602" errors="0" timestamp="2023-10-02T15:42:06 IST" skipped="0">
  <testcase classname="com.rahulshettyacademy.appium.ApiDemosApk" name="wiFiTesting" time="9.602"/>
</testsuite> <!-- com.rahulshettyacademy.appium.ApiDemosApk -->
