<?xml version="1.0" encoding="UTF-8"?>
<!-- Generated by org.testng.reporters.JUnitReportReporter -->
<testsuite hostname="DESKTOP-982KU37" failures="0" tests="1" name="com.rahulshettyacademy.appium.DragDropTest" time="25.284" errors="0" timestamp="2023-10-04T04:58:13 IST" skipped="0">
  <testcase classname="com.rahulshettyacademy.appium.DragDropTest" name="drapDropGesture" time="25.284"/>
</testsuite> <!-- com.rahulshettyacademy.appium.DragDropTest -->
