<?xml version="1.0" encoding="UTF-8"?>
<!-- Generated by org.testng.reporters.JUnitReportReporter -->
<testsuite hostname="DESKTOP-982KU37" failures="0" tests="1" name="rahulshettyacademy.MobileBrowserTest" time="37.949" errors="0" timestamp="2023-10-07T06:44:41 IST" skipped="0">
  <testcase classname="rahulshettyacademy.MobileBrowserTest" name="mobileBrowserTesting" time="37.949"/>
</testsuite> <!-- rahulshettyacademy.MobileBrowserTest -->
