<?xml version="1.0" encoding="UTF-8"?>
<!-- Generated by org.testng.reporters.JUnitReportReporter -->
<testsuite hostname="DESKTOP-982KU37" failures="0" tests="3" name="com.rahulshettyacademy.appium.AppiumMobileGestures" time="89.343" errors="0" timestamp="2023-10-04T03:56:45 IST" skipped="0">
  <testcase classname="com.rahulshettyacademy.appium.AppiumMobileGestures" name="swipeGesture" time="30.435"/>
  <testcase classname="com.rahulshettyacademy.appium.AppiumMobileGestures" name="scrollGesture" time="31.009"/>
  <testcase classname="com.rahulshettyacademy.appium.AppiumMobileGestures" name="longPressGestures" time="27.899"/>
</testsuite> <!-- com.rahulshettyacademy.appium.AppiumMobileGestures -->
