<?xml version="1.0" encoding="UTF-8"?>
<!-- Generated by org.testng.reporters.JUnitReportReporter -->
<testsuite hostname="DESKTOP-982KU37" failures="0" tests="1" name="com.rahulshettyacademy.appium.AppiumDemo" time="9.332" errors="0" timestamp="2023-10-02T12:20:12 IST" skipped="0">
  <testcase classname="com.rahulshettyacademy.appium.AppiumDemo" name="appiumDemosExecution" time="9.332"/>
</testsuite> <!-- com.rahulshettyacademy.appium.AppiumDemo -->
