<?xml version="1.0" encoding="UTF-8"?>
<!-- Generated by org.testng.reporters.JUnitReportReporter -->
<testsuite hostname="DESKTOP-982KU37" failures="0" tests="1" name="rahulshettyacademy.TEst" time="0.015" errors="0" timestamp="2023-10-07T08:32:15 IST" skipped="0">
  <testcase classname="rahulshettyacademy.TEst" name="stringconcat" time="0.015"/>
</testsuite> <!-- rahulshettyacademy.TEst -->
