<?xml version="1.0" encoding="UTF-8"?>
<!-- Generated by org.testng.reporters.JUnitReportReporter -->
<testsuite hostname="DESKTOP-982KU37" failures="0" tests="1" name="com.rahulshettyacademy.appium.LongPressGesture" time="10.843" errors="0" timestamp="2023-10-02T17:37:03 IST" skipped="0">
  <testcase classname="com.rahulshettyacademy.appium.LongPressGesture" name="longPress" time="10.843"/>
</testsuite> <!-- com.rahulshettyacademy.appium.LongPressGesture -->
