<?xml version="1.0" encoding="UTF-8"?>
<!-- Generated by org.testng.reporters.JUnitReportReporter -->
<testsuite hostname="DESKTOP-982KU37" failures="0" tests="1" name="org.rahulshetty.testrunner.Assignment1" time="57.946" errors="0" timestamp="2023-10-08T20:35:51 IST" skipped="0">
  <testcase classname="org.rahulshetty.testrunner.Assignment1" name="apiDemos" time="57.946"/>
</testsuite> <!-- org.rahulshetty.testrunner.Assignment1 -->
